2025-10-27 08:06:17,823 INFO o.a.j.u.JMeterUtils: Setting Locale to en_IN
2025-10-27 08:06:17,881 INFO o.a.j.JMeter: Loading user properties from: user.properties
2025-10-27 08:06:17,900 INFO o.a.j.JMeter: Loading system properties from: system.properties
2025-10-27 08:06:17,909 INFO o.a.j.JMeter: Copyright (c) 1998-2024 The Apache Software Foundation
2025-10-27 08:06:17,910 INFO o.a.j.JMeter: Version 5.6.3
2025-10-27 08:06:17,910 INFO o.a.j.JMeter: java.version=21.0.8
2025-10-27 08:06:17,910 INFO o.a.j.JMeter: java.vm.name=Java HotSpot(TM) 64-Bit Server VM
2025-10-27 08:06:17,910 INFO o.a.j.JMeter: os.name=Windows 11
2025-10-27 08:06:17,910 INFO o.a.j.JMeter: os.arch=amd64
2025-10-27 08:06:17,910 INFO o.a.j.JMeter: os.version=10.0
2025-10-27 08:06:17,910 INFO o.a.j.JMeter: file.encoding=UTF-8
2025-10-27 08:06:17,910 INFO o.a.j.JMeter: java.awt.headless=null
2025-10-27 08:06:17,910 INFO o.a.j.JMeter: Max memory     =2090860544
2025-10-27 08:06:17,910 INFO o.a.j.JMeter: Available Processors =8
2025-10-27 08:06:17,928 INFO o.a.j.JMeter: Default Locale=English (India)
2025-10-27 08:06:17,928 INFO o.a.j.JMeter: JMeter  Locale=English (India)
2025-10-27 08:06:17,928 INFO o.a.j.JMeter: JMeterHome=C:\raghav\Jmeter\apache-jmeter-5.6.3
2025-10-27 08:06:17,928 INFO o.a.j.JMeter: user.dir  =C:\raghav\Jmeter\apache-jmeter-5.6.3\bin
2025-10-27 08:06:17,930 INFO o.a.j.JMeter: PWD       =C:\raghav\Jmeter\apache-jmeter-5.6.3\bin
2025-10-27 08:06:17,930 INFO o.a.j.JMeter: IP: 192.168.0.104 Name: Raghav-PC FullName: host.docker.internal
2025-10-27 08:06:17,960 INFO o.a.j.JMeter: Loaded icon properties from org/apache/jmeter/images/icon.properties
2025-10-27 08:06:18,311 INFO o.a.j.JMeterGuiLauncher: Setting LAF to: com.github.weisj.darklaf.DarkLaf:com.github.weisj.darklaf.theme.SolarizedDarkTheme
2025-10-27 08:06:43,291 INFO o.a.j.s.FileServer: Default base='C:\raghav\Jmeter\apache-jmeter-5.6.3\bin'
2025-10-27 08:06:43,294 INFO o.a.j.g.a.Load: Loading file: C:\Users\rasho\OneDrive\Desktop\Jmeter_scripts\HTTP(S) Test Script Recorder.jmx
2025-10-27 08:06:43,294 INFO o.a.j.s.FileServer: Set new base='C:\Users\rasho\OneDrive\Desktop\Jmeter_scripts'
2025-10-27 08:06:43,573 INFO o.a.j.s.SaveService: Testplan (JMX) version: 2.2. Testlog (JTL) version: 2.2
2025-10-27 08:06:43,621 INFO o.a.j.s.SaveService: Using SaveService properties version 5.0
2025-10-27 08:06:43,623 INFO o.a.j.s.SaveService: Using SaveService properties file encoding UTF-8
2025-10-27 08:06:43,624 INFO o.a.j.s.SaveService: Loading file: C:\Users\rasho\OneDrive\Desktop\Jmeter_scripts\HTTP(S) Test Script Recorder.jmx
2025-10-27 08:06:43,668 INFO o.a.j.p.h.s.HTTPSamplerBase: Parser for text/html is org.apache.jmeter.protocol.http.parser.LagartoBasedHtmlParser
2025-10-27 08:06:43,668 INFO o.a.j.p.h.s.HTTPSamplerBase: Parser for application/xhtml+xml is org.apache.jmeter.protocol.http.parser.LagartoBasedHtmlParser
2025-10-27 08:06:43,668 INFO o.a.j.p.h.s.HTTPSamplerBase: Parser for application/xml is org.apache.jmeter.protocol.http.parser.LagartoBasedHtmlParser
2025-10-27 08:06:43,668 INFO o.a.j.p.h.s.HTTPSamplerBase: Parser for text/xml is org.apache.jmeter.protocol.http.parser.LagartoBasedHtmlParser
2025-10-27 08:06:43,668 INFO o.a.j.p.h.s.HTTPSamplerBase: Parser for text/vnd.wap.wml is org.apache.jmeter.protocol.http.parser.RegexpHTMLParser
2025-10-27 08:06:43,668 INFO o.a.j.p.h.s.HTTPSamplerBase: Parser for text/css is org.apache.jmeter.protocol.http.parser.CssParser
2025-10-27 08:06:44,392 INFO o.a.j.e.KeyToolUtils: keytool found at 'keytool'
2025-10-27 08:06:44,392 INFO o.a.j.p.h.p.ProxyControl: HTTP(S) Test Script Recorder SSL Proxy will use keys that support embedded 3rd party resources in file C:\raghav\Jmeter\apache-jmeter-5.6.3\bin\proxyserver.jks
2025-10-27 08:06:47,961 INFO o.a.j.s.FileServer: Set new base='C:\Users\rasho\OneDrive\Desktop\Jmeter_scripts'
2025-10-27 08:06:58,445 INFO o.a.j.e.StandardJMeterEngine: Running the test!
2025-10-27 08:06:58,448 INFO o.a.j.s.SampleEvent: List of sample_variables: []
2025-10-27 08:06:58,448 INFO o.a.j.s.SampleEvent: List of sample_variables: []
2025-10-27 08:06:58,451 INFO o.a.j.e.u.CompoundVariable: Note: Function class names must contain the string: '.functions.'
2025-10-27 08:06:58,451 INFO o.a.j.e.u.CompoundVariable: Note: Function class names must not contain the string: '.gui.'
2025-10-27 08:06:58,543 INFO o.a.j.g.u.JMeterMenuBar: setRunning(true, *local*)
2025-10-27 08:06:58,587 INFO o.a.j.e.StandardJMeterEngine: Starting ThreadGroup: 1 : Thread Group
2025-10-27 08:06:58,587 INFO o.a.j.e.StandardJMeterEngine: Starting 1 threads for group Thread Group.
2025-10-27 08:06:58,589 INFO o.a.j.e.StandardJMeterEngine: Thread will continue on error
2025-10-27 08:06:58,589 INFO o.a.j.t.ThreadGroup: Starting thread group... number=1 threads=1 ramp-up=1 delayedStart=false
2025-10-27 08:06:58,599 INFO o.a.j.t.ThreadGroup: Started thread group number 1
2025-10-27 08:06:58,599 INFO o.a.j.e.StandardJMeterEngine: All thread groups have been started
2025-10-27 08:06:58,603 INFO o.a.j.t.JMeterThread: Thread started: Thread Group 1-1
2025-10-27 08:06:58,628 INFO o.a.j.p.h.s.HTTPHCAbstractImpl: Local host = Raghav-PC
2025-10-27 08:06:58,644 INFO o.a.j.p.h.s.HTTPHC4Impl: HTTP request retry count = 0
2025-10-27 08:06:58,644 INFO o.a.j.s.SampleResult: Note: Sample TimeStamps are START times
2025-10-27 08:06:58,644 INFO o.a.j.s.SampleResult: sampleresult.default.encoding is set to UTF-8
2025-10-27 08:06:58,644 INFO o.a.j.s.SampleResult: sampleresult.useNanoTime=true
2025-10-27 08:06:58,644 INFO o.a.j.s.SampleResult: sampleresult.nanoThreadSleep=5000
2025-10-27 08:06:58,795 INFO o.a.j.p.h.s.h.LazyLayeredConnectionSocketFactory: Setting up HTTPS TrustAll Socket Factory
2025-10-27 08:06:58,806 INFO o.a.j.u.JsseSSLManager: Using default SSL protocol: TLS
2025-10-27 08:06:58,806 INFO o.a.j.u.JsseSSLManager: SSL session context: per-thread
2025-10-27 08:06:58,902 INFO o.a.j.u.SSLManager: JmeterKeyStore Location:  type JKS
2025-10-27 08:06:58,905 INFO o.a.j.u.SSLManager: KeyStore created OK
2025-10-27 08:06:58,905 WARN o.a.j.u.SSLManager: Keystore file not found, loading empty keystore
2025-10-27 08:07:25,970 INFO o.a.j.g.a.Start: Stopping test
2025-10-27 08:07:25,978 INFO o.a.j.t.JMeterThread: Stopping: Thread Group 1-1
2025-10-27 08:07:25,980 WARN o.a.j.t.JMeterThread: Interrupting: Thread Group 1-1 sampler: Book flight/v1/3.0/projects/lXviifSA1NskA4wsG9N6WoWg/events/changes?api_key=8RWMCGFX4X0IRY1GHWDM3HM5WDSJF9LP62BSDULOL3XK7WAIFGDB7EU526O1A0UPLH1S8SJP320LUXJKCHLJX1822GU1KFE80CNW6PXVZ83IOO6LJ731EN164IFVUFMC8DOGYP2MXHN47WGVB192F2PTQRQXCF95OJWAKGOH9S69DZAI5OPJW8QSPDE6LQQ9-82
2025-10-27 08:07:25,982 INFO o.a.j.t.JMeterThread: Thread finished: Thread Group 1-1
2025-10-27 08:07:25,985 INFO o.a.j.e.StandardJMeterEngine: Notifying test listeners of end of test
2025-10-27 08:07:25,985 INFO o.a.j.g.u.JMeterMenuBar: setRunning(false, *local*)
2025-10-27 08:07:45,326 INFO o.a.j.e.StandardJMeterEngine: Running the test!
2025-10-27 08:07:45,328 INFO o.a.j.s.SampleEvent: List of sample_variables: []
2025-10-27 08:07:45,358 INFO o.a.j.g.u.JMeterMenuBar: setRunning(true, *local*)
2025-10-27 08:07:45,393 INFO o.a.j.e.StandardJMeterEngine: Starting ThreadGroup: 1 : Thread Group
2025-10-27 08:07:45,393 INFO o.a.j.e.StandardJMeterEngine: Starting 1 threads for group Thread Group.
2025-10-27 08:07:45,393 INFO o.a.j.e.StandardJMeterEngine: Thread will continue on error
2025-10-27 08:07:45,393 INFO o.a.j.t.ThreadGroup: Starting thread group... number=1 threads=1 ramp-up=1 delayedStart=false
2025-10-27 08:07:45,409 INFO o.a.j.t.ThreadGroup: Started thread group number 1
2025-10-27 08:07:45,409 INFO o.a.j.e.StandardJMeterEngine: All thread groups have been started
2025-10-27 08:07:45,413 INFO o.a.j.t.JMeterThread: Thread started: Thread Group 1-1
2025-10-27 08:08:22,554 INFO o.a.j.t.JMeterThread: Thread is done: Thread Group 1-1
2025-10-27 08:08:22,554 INFO o.a.j.t.JMeterThread: Thread finished: Thread Group 1-1
2025-10-27 08:08:22,556 INFO o.a.j.e.StandardJMeterEngine: Notifying test listeners of end of test
2025-10-27 08:08:22,556 INFO o.a.j.g.u.JMeterMenuBar: setRunning(false, *local*)
