2025-01-24 08:38:29,727 INFO o.a.j.u.JMeterUtils: Setting Locale to en_EN
2025-01-24 08:38:29,743 INFO o.a.j.JMeter: Loading user properties from: user.properties
2025-01-24 08:38:29,743 INFO o.a.j.JMeter: Loading system properties from: system.properties
2025-01-24 08:38:29,750 INFO o.a.j.JMeter: Copyright (c) 1998-2024 The Apache Software Foundation
2025-01-24 08:38:29,750 INFO o.a.j.JMeter: Version 5.6.3
2025-01-24 08:38:29,750 INFO o.a.j.JMeter: java.version=1.8.0_431
2025-01-24 08:38:29,750 INFO o.a.j.JMeter: java.vm.name=Java HotSpot(TM) Client VM
2025-01-24 08:38:29,750 INFO o.a.j.JMeter: os.name=Windows 11
2025-01-24 08:38:29,750 INFO o.a.j.JMeter: os.arch=x86
2025-01-24 08:38:29,750 INFO o.a.j.JMeter: os.version=10.0
2025-01-24 08:38:29,750 INFO o.a.j.JMeter: file.encoding=Cp1252
2025-01-24 08:38:29,750 INFO o.a.j.JMeter: java.awt.headless=true
2025-01-24 08:38:29,750 INFO o.a.j.JMeter: Max memory     =1073741824
2025-01-24 08:38:29,750 INFO o.a.j.JMeter: Available Processors =8
2025-01-24 08:38:29,753 INFO o.a.j.JMeter: Default Locale=English (EN)
2025-01-24 08:38:29,753 INFO o.a.j.JMeter: JMeter  Locale=English (EN)
2025-01-24 08:38:29,753 INFO o.a.j.JMeter: JMeterHome=C:\raghav\Jmeter\apache-jmeter-5.6.3
2025-01-24 08:38:29,754 INFO o.a.j.JMeter: user.dir  =C:\raghav\Jmeter\apache-jmeter-5.6.3\bin
2025-01-24 08:38:29,754 INFO o.a.j.JMeter: PWD       =C:\raghav\Jmeter\apache-jmeter-5.6.3\bin
2025-01-24 08:38:29,756 INFO o.a.j.JMeter: IP: 192.168.0.101 Name: Raghav-PC FullName: Raghav-PC
2025-01-24 08:38:29,779 INFO o.a.j.r.RmiUtils: Disabling SSL for RMI as server.rmi.ssl.disable is set to 'true'
2025-01-24 08:38:29,779 INFO o.a.j.r.RmiUtils: Disabling SSL for RMI as server.rmi.ssl.disable is set to 'true'
2025-01-24 08:38:30,114 INFO o.a.j.e.RemoteJMeterEngineImpl: Starting backing engine on 1099
2025-01-24 08:38:30,114 INFO o.a.j.r.RmiUtils: System property 'java.rmi.server.hostname' is not defined, using localHost address
2025-01-24 08:38:30,115 INFO o.a.j.r.RmiUtils: Local IP address=192.168.0.101
2025-01-24 08:38:30,115 INFO o.a.j.e.RemoteJMeterEngineImpl: IP address is a site-local address; this may cause problems with remote access.
	Can be overridden by defining the system property 'java.rmi.server.hostname' - see jmeter-server script file
2025-01-24 08:38:30,115 INFO o.a.j.e.RemoteJMeterEngineImpl: Creating RMI registry (server.rmi.create=true)
2025-01-24 08:38:30,115 INFO o.a.j.r.RmiUtils: Disabling SSL for RMI as server.rmi.ssl.disable is set to 'true'
2025-01-24 08:38:30,115 INFO o.a.j.r.RmiUtils: Disabling SSL for RMI as server.rmi.ssl.disable is set to 'true'
2025-01-24 08:38:30,117 INFO o.a.j.e.RemoteJMeterEngineImpl: Bound to RMI registry on port 1099
